14:07:07.301 DEBUG 获取到配置信息: 
14:07:07.301 DEBUG {"basePath":"./","outPut":{"minifyCss":false,"minifyJs":false,"addVersion":true,"embedSize":10,"merge":false},"root":"/src","entry":"one","title":"页面","outFolder":"./dist","resourceFolder":"./src/resource","headList":[{"http-equiv":"content-type","content":"text/html; charset=UTF-8"},{"name":"viewport","content":"initial-scale=1, maximum-scale=1, user-scalable=no, shrink-to-fit=no"}],"scriptList":[{"name":"jquery1.11.0","src":"http://tools.people.com.cn/libs/jquery/1.11.1/jquery-1.11.1.min.js"},{"name":"main","src":"./src/main.js"}],"styleList":[{"name":"main","src":"./src/main.css","resource":true}],"pageList":[{"main":true,"isPage":true,"name":"one","src":"./src/page/one.page","temple":"<temple name=\"one\" src=\"./src/page/one.page\" isPage=\"true\"></temple>","outerHTML":"<!DOCTYPE html>\r\n<html lang=\"zh-CN\">\r\n  <head>\r\n    <title>页面</title>\r\n    <!-- 页面的元信息 -->\r\n    <meta http-equiv=\"content-type\" content=\"text/html; charset=UTF-8\"/>\r\n    <meta name=\"viewport\" content=\"initial-scale=1, maximum-scale=1, user-scalable=no, shrink-to-fit=no\"/>\r\n    <!-- css-output -->\r\n    <!-- animation-output -->\r\n  </head>\r\n  <body>\r\n    <!-- 页面区域 -->\r\n    <temple name=\"one\" src=\"./src/page/one.page\" isPage=\"true\"></temple>\r\n    <temple name=\"two\" src=\"./src/page/two.page\" isPage=\"true\"></temple>\r\n    <temple name=\"three\" src=\"./src/page/three.owo\" isPage=\"true\"></temple>\r\n    <temple name=\"four\" src=\"./src/page/four.owo\" isPage=\"true\"></temple>\r\n    <!-- script-output -->\r\n  </body>\r\n</html>"},{"isPage":true,"name":"two","src":"./src/page/two.page","temple":"<temple name=\"two\" src=\"./src/page/two.page\" isPage=\"true\"></temple>","outerHTML":"<!DOCTYPE html>\r\n<html lang=\"zh-CN\">\r\n  <head>\r\n    <title>页面</title>\r\n    <!-- 页面的元信息 -->\r\n    <meta http-equiv=\"content-type\" content=\"text/html; charset=UTF-8\"/>\r\n    <meta name=\"viewport\" content=\"initial-scale=1, maximum-scale=1, user-scalable=no, shrink-to-fit=no\"/>\r\n    <!-- css-output -->\r\n    <!-- animation-output -->\r\n  </head>\r\n  <body>\r\n    <!-- 页面区域 -->\r\n    <div class=\"one ox\" template=\"one\" id=\"o-one\" style=\"display: none;\">\n    <div class=\"logo\"></div>\n    <div class=\"text\"></div>\n    <div class=\"button\" @click=\"close\"></div>\n  </div>\r\n    <temple name=\"two\" src=\"./src/page/two.page\" isPage=\"true\"></temple>\r\n    <temple name=\"three\" src=\"./src/page/three.owo\" isPage=\"true\"></temple>\r\n    <temple name=\"four\" src=\"./src/page/four.owo\" isPage=\"true\"></temple>\r\n    <!-- script-output -->\r\n  </body>\r\n</html>"},{"isPage":true,"name":"three","src":"./src/page/three.owo","temple":"<temple name=\"three\" src=\"./src/page/three.owo\" isPage=\"true\"></temple>","outerHTML":"<!DOCTYPE html>\r\n<html lang=\"zh-CN\">\r\n  <head>\r\n    <title>页面</title>\r\n    <!-- 页面的元信息 -->\r\n    <meta http-equiv=\"content-type\" content=\"text/html; charset=UTF-8\"/>\r\n    <meta name=\"viewport\" content=\"initial-scale=1, maximum-scale=1, user-scalable=no, shrink-to-fit=no\"/>\r\n    <!-- css-output -->\r\n    <!-- animation-output -->\r\n  </head>\r\n  <body>\r\n    <!-- 页面区域 -->\r\n    <div class=\"one ox\" template=\"one\" id=\"o-one\" style=\"display: none;\">\n    <div class=\"logo\"></div>\n    <div class=\"text\"></div>\n    <div class=\"button\" @click=\"close\"></div>\n  </div>\r\n    <div class=\"two ox\" template=\"two\" id=\"o-two\" style=\"display: none;\"><div class=\"search-bar\" template=\"searchBar\">\n    <div class=\"search-box\">\n      <div class=\"search\">\n        <div class=\"icon-box\">\n          <svg t=\"1559538420726\" class=\"icon\" viewBox=\"0 0 1024 1024\" version=\"1.1\" xmlns=\"http://www.w3.org/2000/svg\" p-id=\"2384\" xmlns:xlink=\"http://www.w3.org/1999/xlink\" width=\"35px\" height=\"35px\"><path d=\"M740.2496 696.183467l106.5984 105.745066-44.919467 43.690667-105.984-105.130667A339.968 339.968 0 0 1 477.866667 819.2C289.348267 819.2 136.533333 666.385067 136.533333 477.866667S289.348267 136.533333 477.866667 136.533333s341.333333 152.814933 341.333333 341.333334a339.968 339.968 0 0 1-78.9504 218.3168zM477.866667 750.933333a273.066667 273.066667 0 1 0 0-546.133333 273.066667 273.066667 0 0 0 0 546.133333z\" p-id=\"2385\"></path></svg>\n        </div>\n        <input type=\"text\" @input=\"inputValue\" @focus=\"focus\">\n      </div>\n      <div class=\"logo-text\"></div>\n    </div>\n    <div class=\"search-panel\">\n      <div class=\"info-text\">在上方输入框内键入关键字以搜索</div>\n    </div>\n    <div class=\"cancel\" @click=\"cancel\">取消</div>\n  </div><ul class=\"top-tab\" template=\"topTab\"></ul><div class=\"bookshelf-box\" template=\"bookshelf\"><div class=\"bookshelf\"></div></div><ul class=\"bottom-tab\" template=\"bottomBar\"><li class=\"active\" @click=\"changeItem('党章党规')\"><div class=\"icon\"></div><p>党章党规</p></li><li @click=\"changeItem('组工文件')\"><div class=\"icon\"></div><p>组工文件</p></li><li @click=\"changeItem('党务知识')\"><div class=\"icon\"></div><p>党务知识</p></li></ul></div>\r\n    <temple name=\"three\" src=\"./src/page/three.owo\" isPage=\"true\"></temple>\r\n    <temple name=\"four\" src=\"./src/page/four.owo\" isPage=\"true\"></temple>\r\n    <!-- script-output -->\r\n  </body>\r\n</html>"},{"isPage":true,"name":"four","src":"./src/page/four.owo","temple":"<temple name=\"four\" src=\"./src/page/four.owo\" isPage=\"true\"></temple>","outerHTML":"<!DOCTYPE html>\r\n<html lang=\"zh-CN\">\r\n  <head>\r\n    <title>页面</title>\r\n    <!-- 页面的元信息 -->\r\n    <meta http-equiv=\"content-type\" content=\"text/html; charset=UTF-8\"/>\r\n    <meta name=\"viewport\" content=\"initial-scale=1, maximum-scale=1, user-scalable=no, shrink-to-fit=no\"/>\r\n    <!-- css-output -->\r\n    <!-- animation-output -->\r\n  </head>\r\n  <body>\r\n    <!-- 页面区域 -->\r\n    <div class=\"one ox\" template=\"one\" id=\"o-one\" style=\"display: none;\">\n    <div class=\"logo\"></div>\n    <div class=\"text\"></div>\n    <div class=\"button\" @click=\"close\"></div>\n  </div>\r\n    <div class=\"two ox\" template=\"two\" id=\"o-two\" style=\"display: none;\"><div class=\"search-bar\" template=\"searchBar\">\n    <div class=\"search-box\">\n      <div class=\"search\">\n        <div class=\"icon-box\">\n          <svg t=\"1559538420726\" class=\"icon\" viewBox=\"0 0 1024 1024\" version=\"1.1\" xmlns=\"http://www.w3.org/2000/svg\" p-id=\"2384\" xmlns:xlink=\"http://www.w3.org/1999/xlink\" width=\"35px\" height=\"35px\"><path d=\"M740.2496 696.183467l106.5984 105.745066-44.919467 43.690667-105.984-105.130667A339.968 339.968 0 0 1 477.866667 819.2C289.348267 819.2 136.533333 666.385067 136.533333 477.866667S289.348267 136.533333 477.866667 136.533333s341.333333 152.814933 341.333333 341.333334a339.968 339.968 0 0 1-78.9504 218.3168zM477.866667 750.933333a273.066667 273.066667 0 1 0 0-546.133333 273.066667 273.066667 0 0 0 0 546.133333z\" p-id=\"2385\"></path></svg>\n        </div>\n        <input type=\"text\" @input=\"inputValue\" @focus=\"focus\">\n      </div>\n      <div class=\"logo-text\"></div>\n    </div>\n    <div class=\"search-panel\">\n      <div class=\"info-text\">在上方输入框内键入关键字以搜索</div>\n    </div>\n    <div class=\"cancel\" @click=\"cancel\">取消</div>\n  </div><ul class=\"top-tab\" template=\"topTab\"></ul><div class=\"bookshelf-box\" template=\"bookshelf\"><div class=\"bookshelf\"></div></div><ul class=\"bottom-tab\" template=\"bottomBar\"><li class=\"active\" @click=\"changeItem('党章党规')\"><div class=\"icon\"></div><p>党章党规</p></li><li @click=\"changeItem('组工文件')\"><div class=\"icon\"></div><p>组工文件</p></li><li @click=\"changeItem('党务知识')\"><div class=\"icon\"></div><p>党务知识</p></li></ul></div>\r\n    <div class=\"three ox\" template=\"three\" id=\"o-three\" style=\"display: none;\">\n    <a href=\"#two\" class=\"return clear\">\n      <div class=\"icon\"></div>\n      <span>返回</span>\n    </a>\n    <div class=\"text icon\"></div>\n    <div class=\"button\" @click=\"turn\"></div>\n  </div>\r\n    <temple name=\"four\" src=\"./src/page/four.owo\" isPage=\"true\"></temple>\r\n    <!-- script-output -->\r\n  </body>\r\n</html>"}],"dev":{"basePath":"./","watcher":{"enable":true,"ignored":"./dist/*","depth":99},"outPut":{"minifyCss":false,"minifyJs":false,"addVersion":false},"serverPort":8000,"server":true,"autoReload":true,"remoteDebug":false},"build":{"basePath":"./","outPut":{"minifyCss":false,"minifyJs":false,"addVersion":true,"embedSize":10,"merge":false}}} 
14:07:07.301 INFO  --------------------------- 开始编译 --------------------------- 
14:07:07.301 INFO  程序运行目录: D:\work\Party affairs stack room 
14:07:07.301 INFO  首次启动! 
14:07:07.301 INFO  生成版本号: 5qs3kn2dz5l 
14:07:07.309 INFO  清理资源文件夹: D:\work\Party affairs stack room\dist\static 
14:07:07.309 INFO  文件夹不存在: D:\work\Party affairs stack room\dist\static 
14:07:07.310 INFO  创建文件夹: D:\work\Party affairs stack room\dist\static 
14:07:07.310 INFO  读取模板文件: C:\Users\PG\Documents\GitHub\PG\lib\index.html 
14:07:07.310 DEBUG 读取网页标题: 页面 
14:07:07.310 DEBUG 处理页面源信息: [{"http-equiv":"content-type","content":"text/html; charset=UTF-8"},{"name":"viewport","content":"initial-scale=1, maximum-scale=1, user-scalable=no, shrink-to-fit=no"}] 
14:07:07.311 INFO  开始处理模块: one 
14:07:07.311 DEBUG 处理模板: ./src/page/one.page 
14:07:07.422 DEBUG 缓存模板: one./src/page/one.page 
14:07:07.423 DEBUG 模板one处理用时: 111 毫秒! 
14:07:07.423 INFO  开始处理模块: two 
14:07:07.423 DEBUG 处理模板: ./src/page/two.page 
14:07:07.814 INFO  开始处理模块: searchBar 
14:07:07.814 DEBUG 处理模板: ./src/module/searchBar.owo 
14:07:07.852 DEBUG 缓存模板: searchBar./src/module/searchBar.owo 
14:07:07.852 DEBUG 模板searchBar处理用时: 38 毫秒! 
14:07:07.868 INFO  开始处理模块: topTab 
14:07:07.868 DEBUG 处理模板: ./src/module/topTab.owo 
14:07:07.877 DEBUG 缓存模板: topTab./src/module/topTab.owo 
14:07:07.877 DEBUG 模板topTab处理用时: 9 毫秒! 
14:07:07.878 INFO  开始处理模块: bookshelf 
14:07:07.878 DEBUG 处理模板: ./src/module/bookshelf.owo 
14:07:07.884 DEBUG 缓存模板: bookshelf./src/module/bookshelf.owo 
14:07:07.884 DEBUG 模板bookshelf处理用时: 6 毫秒! 
14:07:07.885 INFO  开始处理模块: bottomBar 
14:07:07.885 DEBUG 处理模板: ./src/module/bottomBar.owo 
14:07:07.898 DEBUG 缓存模板: bottomBar./src/module/bottomBar.owo 
14:07:07.898 DEBUG 模板bottomBar处理用时: 13 毫秒! 
14:07:07.903 DEBUG 缓存模板: two./src/page/two.page 
14:07:07.903 DEBUG 模板two处理用时: 480 毫秒! 
14:07:07.903 INFO  开始处理模块: three 
14:07:07.903 DEBUG 处理模板: ./src/page/three.owo 
14:07:07.908 DEBUG 缓存模板: three./src/page/three.owo 
14:07:07.908 DEBUG 模板three处理用时: 5 毫秒! 
14:07:07.908 INFO  开始处理模块: four 
14:07:07.908 DEBUG 处理模板: ./src/page/four.owo 
14:07:07.939 DEBUG 缓存模板: four./src/page/four.owo 
14:07:07.939 DEBUG 模板four处理用时: 31 毫秒! 
14:07:07.941 INFO  文件夹不存在: D:\work\Party affairs stack room\dist\static\resource 
14:07:07.941 INFO  创建文件夹: D:\work\Party affairs stack room\dist\static\resource 
14:07:07.955 DEBUG base64处理文件: D:\work\Party affairs stack room\src\resource\right.png 
14:07:07.955 DEBUG base64处理文件: D:\work\Party affairs stack room\src\resource\book.png 
14:07:07.955 DEBUG 忽略文件: D:\work\Party affairs stack room\src\resource\logo.png 
14:07:07.955 DEBUG 忽略文件: D:\work\Party affairs stack room\src\resource\one-text.png 
14:07:07.955 DEBUG 忽略文件: D:\work\Party affairs stack room\src\resource\one-button.png 
14:07:07.955 DEBUG base64处理文件: D:\work\Party affairs stack room\src\resource\three-button.png 
14:07:07.955 DEBUG base64处理文件: D:\work\Party affairs stack room\src\resource\share.png 
14:07:07.956 DEBUG 处理资源: D:\work\Party affairs stack room\src\resource\logo.png,D:\work\Party affairs stack room\src\resource\one-text.png,D:\work\Party affairs stack room\src\resource\one-button.png,D:\work\Party affairs stack room\src\resource\logo-text.png,D:\work\Party affairs stack room\src\resource\bookshelf.jpg,D:\work\Party affairs stack room\src\resource\book-really.png 
14:07:07.958 INFO  css中的资源处理完毕! 
14:07:07.958 DEBUG 使用postcss处理样式，使用了2个插件! 
14:07:07.987 INFO  正在处理script! 
14:07:07.987 INFO  工程中包含多个页面! 
14:07:07.989 INFO  文件夹不存在: D:\work\Party affairs stack room\dist\static\css 
14:07:07.989 INFO  创建文件夹: D:\work\Party affairs stack room\dist\static\css 
14:07:07.989 INFO  写文件: D:\work\Party affairs stack room\dist\static\css\owo.animation.5qs3kn2dz5l.css 
14:07:07.990 INFO  包含有页面切换动画! 
14:07:07.990 INFO  动画列表: moveToLeft,moveFromRight,moveToRight,moveFromLeft 
14:07:08.760 INFO  文件夹不存在: D:\work\Party affairs stack room\dist\static\js 
14:07:08.760 INFO  创建文件夹: D:\work\Party affairs stack room\dist\static\js 
14:07:08.915 INFO  js中的资源处理完毕! 
14:07:08.916 DEBUG 处理引用脚本: [{"name":"jquery1.11.0","src":"http://tools.people.com.cn/libs/jquery/1.11.1/jquery-1.11.1.min.js"},{"name":"main","src":"./src/main.js"}] 
14:07:08.916 DEBUG 外部脚本数量: 2 
14:07:08.916 DEBUG 处理脚本: jquery1.11.0 
14:07:08.916 DEBUG 网络脚本: jquery1.11.0 
14:07:08.916 DEBUG 处理脚本: main 
14:07:08.916 DEBUG 不使用bable处理脚本! 
14:07:08.916 INFO  读取文件: D:\work\Party affairs stack room\src\main.js 
14:07:08.916 DEBUG 输出scriptData 
14:07:08.916 DEBUG 判断是否可以输出Html! 
14:07:08.917 DEBUG 还有没有经过处理的资源! 
14:07:09.129 INFO  使用postcss处理完毕! 用时: 1171 毫秒 
14:07:09.129 DEBUG 需要经过特殊处理的css: [["[template=one] .one:",".one[template=one]:"],["[template=one] .one ",".one[template=one] "],["[template=one] .one{",".one[template=one]{"],["[template=one] div:","div[template=one]:"],["[template=one] div ","div[template=one] "],["[template=one] div{","div[template=one]{"],["[template=searchBar] .search-bar:",".search-bar[template=searchBar]:"],["[template=searchBar] .search-bar ",".search-bar[template=searchBar] "],["[template=searchBar] .search-bar{",".search-bar[template=searchBar]{"],["[template=searchBar] div:","div[template=searchBar]:"],["[template=searchBar] div ","div[template=searchBar] "],["[template=searchBar] div{","div[template=searchBar]{"],["[template=topTab] .top-tab:",".top-tab[template=topTab]:"],["[template=topTab] .top-tab ",".top-tab[template=topTab] "],["[template=topTab] .top-tab{",".top-tab[template=topTab]{"],["[template=topTab] ul:","ul[template=topTab]:"],["[template=topTab] ul ","ul[template=topTab] "],["[template=topTab] ul{","ul[template=topTab]{"],["[template=bookshelf] .bookshelf-box:",".bookshelf-box[template=bookshelf]:"],["[template=bookshelf] .bookshelf-box ",".bookshelf-box[template=bookshelf] "],["[template=bookshelf] .bookshelf-box{",".bookshelf-box[template=bookshelf]{"],["[template=bookshelf] div:","div[template=bookshelf]:"],["[template=bookshelf] div ","div[template=bookshelf] "],["[template=bookshelf] div{","div[template=bookshelf]{"],["[template=bottomBar] .bottom-tab:",".bottom-tab[template=bottomBar]:"],["[template=bottomBar] .bottom-tab ",".bottom-tab[template=bottomBar] "],["[template=bottomBar] .bottom-tab{",".bottom-tab[template=bottomBar]{"],["[template=bottomBar] ul:","ul[template=bottomBar]:"],["[template=bottomBar] ul ","ul[template=bottomBar] "],["[template=bottomBar] ul{","ul[template=bottomBar]{"],["[template=two] .two:",".two[template=two]:"],["[template=two] .two ",".two[template=two] "],["[template=two] .two{",".two[template=two]{"],["[template=two] div:","div[template=two]:"],["[template=two] div ","div[template=two] "],["[template=two] div{","div[template=two]{"],["[template=three] .three:",".three[template=three]:"],["[template=three] .three ",".three[template=three] "],["[template=three] .three{",".three[template=three]{"],["[template=three] div:","div[template=three]:"],["[template=three] div ","div[template=three] "],["[template=three] div{","div[template=three]{"],["[template=four] .four:",".four[template=four]:"],["[template=four] .four ",".four[template=four] "],["[template=four] .four{",".four[template=four]{"],["[template=four] div:","div[template=four]:"],["[template=four] div ","div[template=four] "],["[template=four] div{","div[template=four]{"]] 
14:07:09.130 INFO  开始处理附属css中的资源 
14:07:09.130 INFO  附属css中的资源处理完毕! 
14:07:09.130 DEBUG 判断是否可以输出Html! 
14:07:09.130 DEBUG 准备输出html! 
14:07:09.130 DEBUG 开始美化html 
14:07:09.161 INFO  写入文件: D:\work\Party affairs stack room\dist\static\css\owo.main.5qs3kn2dz5l.css 
14:07:09.162 INFO  读取成功: D:\work\Party affairs stack room\src\main.css 
14:07:09.162 INFO  读取成功: D:\work\Party affairs stack room\src\main.js 
14:07:09.171 INFO  写入文件: D:\work\Party affairs stack room\dist\static\css\main.css 
14:07:09.172 INFO  写入文件: D:\work\Party affairs stack room\dist\static\js\main.js 
14:07:09.757 DEBUG 文件处理成功: 
14:07:09.757 DEBUG D:\work\Party affairs stack room\dist\static\resource\logo.png 
14:07:09.757 DEBUG D:\work\Party affairs stack room\dist\static\resource\one-text.png 
14:07:09.757 DEBUG D:\work\Party affairs stack room\dist\static\resource\one-button.png 
14:07:09.757 DEBUG D:\work\Party affairs stack room\dist\static\resource\logo-text.png 
14:07:09.757 DEBUG D:\work\Party affairs stack room\dist\static\resource\bookshelf.jpg 
14:07:09.757 DEBUG D:\work\Party affairs stack room\dist\static\resource\book-really.png 
